<?xml version="1.0" encoding="UTF-8"?>
<testsuite xmlns:xsi="http://www.w3.org/2001/XMLSchema-instance" xsi:noNamespaceSchemaLocation="https://maven.apache.org/surefire/maven-surefire-plugin/xsd/surefire-test-report-3.0.xsd" version="3.0" name="TestSuite" time="0.79" tests="3" errors="0" skipped="0" failures="0">
  <properties>
    <property name="sun.desktop" value="windows"/>
    <property name="awt.toolkit" value="sun.awt.windows.WToolkit"/>
    <property name="java.specification.version" value="11"/>
    <property name="sun.cpu.isalist" value="amd64"/>
    <property name="sun.jnu.encoding" value="Cp1252"/>
    <property name="java.class.path" value="C:\Users\A AKIL GANESH\eclipse-workspace\Sample\target\test-classes;C:\Users\A AKIL GANESH\eclipse-workspace\Sample\target\classes;C:\Users\A AKIL GANESH\.m2\repository\junit\junit\3.8.1\junit-3.8.1.jar;C:\Users\A AKIL GANESH\.m2\repository\org\testng\testng\7.8.0\testng-7.8.0.jar;C:\Users\A AKIL GANESH\.m2\repository\org\slf4j\slf4j-api\1.7.36\slf4j-api-1.7.36.jar;C:\Users\A AKIL GANESH\.m2\repository\com\beust\jcommander\1.82\jcommander-1.82.jar;C:\Users\A AKIL GANESH\.m2\repository\org\webjars\jquery\3.6.1\jquery-3.6.1.jar;"/>
    <property name="java.vm.vendor" value="Oracle Corporation"/>
    <property name="sun.arch.data.model" value="64"/>
    <property name="user.variant" value=""/>
    <property name="java.vendor.url" value="https://openjdk.java.net/"/>
    <property name="user.timezone" value="Asia/Calcutta"/>
    <property name="java.vm.specification.version" value="11"/>
    <property name="os.name" value="Windows 11"/>
    <property name="sun.java.launcher" value="SUN_STANDARD"/>
    <property name="user.country" value="IN"/>
    <property name="sun.boot.library.path" value="C:\Program Files\Java\jdk-11.0.20\bin"/>
    <property name="sun.java.command" value="C:\Users\A AKIL GANESH\AppData\Local\Temp\surefire12206364742957683287\surefirebooter-20231115071311475_3.jar C:\Users\A AKIL GANESH\AppData\Local\Temp\surefire12206364742957683287 2023-11-15T07-13-11_114-jvmRun1 surefire-20231115071311475_1tmp surefire_0-20231115071311475_2tmp"/>
    <property name="jdk.debug" value="release"/>
    <property name="surefire.test.class.path" value="C:\Users\A AKIL GANESH\eclipse-workspace\Sample\target\test-classes;C:\Users\A AKIL GANESH\eclipse-workspace\Sample\target\classes;C:\Users\A AKIL GANESH\.m2\repository\junit\junit\3.8.1\junit-3.8.1.jar;C:\Users\A AKIL GANESH\.m2\repository\org\testng\testng\7.8.0\testng-7.8.0.jar;C:\Users\A AKIL GANESH\.m2\repository\org\slf4j\slf4j-api\1.7.36\slf4j-api-1.7.36.jar;C:\Users\A AKIL GANESH\.m2\repository\com\beust\jcommander\1.82\jcommander-1.82.jar;C:\Users\A AKIL GANESH\.m2\repository\org\webjars\jquery\3.6.1\jquery-3.6.1.jar;"/>
    <property name="sun.cpu.endian" value="little"/>
    <property name="user.home" value="C:\Users\A AKIL GANESH"/>
    <property name="user.language" value="en"/>
    <property name="java.specification.vendor" value="Oracle Corporation"/>
    <property name="java.version.date" value="2023-07-18"/>
    <property name="java.home" value="C:\Program Files\Java\jdk-11.0.20"/>
    <property name="file.separator" value="\"/>
    <property name="basedir" value="C:\Users\A AKIL GANESH\eclipse-workspace\Sample"/>
    <property name="java.vm.compressedOopsMode" value="32-bit"/>
    <property name="line.separator" value="&#10;"/>
    <property name="java.specification.name" value="Java Platform API Specification"/>
    <property name="java.vm.specification.vendor" value="Oracle Corporation"/>
    <property name="java.awt.graphicsenv" value="sun.awt.Win32GraphicsEnvironment"/>
    <property name="surefire.real.class.path" value="C:\Users\A AKIL GANESH\AppData\Local\Temp\surefire12206364742957683287\surefirebooter-20231115071311475_3.jar"/>
    <property name="user.script" value=""/>
    <property name="sun.management.compiler" value="HotSpot 64-Bit Tiered Compilers"/>
    <property name="java.runtime.version" value="11.0.20+9-LTS-256"/>
    <property name="user.name" value="A AKIL GANESH"/>
    <property name="path.separator" value=";"/>
    <property name="os.version" value="10.0"/>
    <property name="java.runtime.name" value="Java(TM) SE Runtime Environment"/>
    <property name="file.encoding" value="Cp1252"/>
    <property name="java.vm.name" value="Java HotSpot(TM) 64-Bit Server VM"/>
    <property name="java.vendor.version" value="18.9"/>
    <property name="localRepository" value="C:\Users\A AKIL GANESH\.m2\repository"/>
    <property name="java.vendor.url.bug" value="https://bugreport.java.com/bugreport/"/>
    <property name="java.io.tmpdir" value="C:\Users\AAKILG~1\AppData\Local\Temp\"/>
    <property name="java.version" value="11.0.20"/>
    <property name="user.dir" value="C:\Users\A AKIL GANESH\eclipse-workspace\Sample"/>
    <property name="os.arch" value="amd64"/>
    <property name="java.vm.specification.name" value="Java Virtual Machine Specification"/>
    <property name="java.awt.printerjob" value="sun.awt.windows.WPrinterJob"/>
    <property name="sun.os.patch.level" value=""/>
    <property name="java.library.path" value="C:\Program Files\Java\jdk-11.0.20\bin;C:\WINDOWS\Sun\Java\bin;C:\WINDOWS\system32;C:\WINDOWS;C:\Program Files\Java\jdk-11.0.20/bin;C:\Program Files\Java\jdk-11.0.20/bin;D:\SQL_XE\dbhomeXE\bin;C:\Users\SQL\dbhomeXE\bin;C:\OracleApp\WINDOWS.X64_193000_db_home\bin;C:\Program Files (x86)\Common Files\Java\Java Update;C:\Windows\system32;C:\Windows;C:\Windows\System32\Wbem;C:\Windows\System32\WindowsPowerShell\v1.0\;C:\Windows\System32\OpenSSH\;C:\Program Files (x86)\NVIDIA Corporation\PhysX\Common;C:\Program Files\NVIDIA Corporation\NVIDIA NvDLISR;c:\Program Files (x86)\Microsoft SQL Server\100\Tools\Binn\;c:\Program Files\Microsoft SQL Server\100\Tools\Binn\;c:\Program Files\Microsoft SQL Server\100\DTS\Binn\;C:\WINDOWS\system32;C:\WINDOWS;C:\WINDOWS\System32\Wbem;C:\WINDOWS\System32\WindowsPowerShell\v1.0\;C:\WINDOWS\System32\OpenSSH\;C:\Users\A AKIL GANESH\Downloads\apache-maven-3.8.4-bin\apache-maven-3.8.4\bin;C:\Program Files\Java\jdk-11.0.20\bin;C:\Program Files\Git\cmd;C:\Program Files\nodejs\;C:\Users\A AKIL GANESH\AppData\Local\Android\Sdk\tools\bin;C:\Users\A AKIL GANESH\AppData\Local\Android\Sdk\tools;C:\Users\A AKIL GANESH\AppData\Local\Android\Sdk\platform-tools;C:\Program Files\nodejs\node_modules\npm\bin;C:\Users\A AKIL GANESH\Downloads\allure-commandline-2.24.0\allure-2.24.0\bin;C:\strawberry\c\bin;C:\strawberry\perl\bin;C:\Program Files\MySQL\MySQL Shell 8.0\bin\;C:\Users\A AKIL GANESH\AppData\Local\Microsoft\WindowsApps;C:\Program Files\JetBrains\IntelliJ IDEA Community Edition 2021.3.3\bin;C:\Users\A AKIL GANESH\AppData\Local\Programs\Microsoft VS Code\bin;C:\Users\A AKIL GANESH\AppData\Local\Microsoft\WindowsApps;C:\Users\A AKIL GANESH\AppData\Roaming\npm;."/>
    <property name="java.vendor" value="Oracle Corporation"/>
    <property name="java.vm.info" value="mixed mode"/>
    <property name="java.vm.version" value="11.0.20+9-LTS-256"/>
    <property name="java.specification.maintenance.version" value="2"/>
    <property name="sun.io.unicode.encoding" value="UnicodeLittle"/>
    <property name="java.class.version" value="55.0"/>
  </properties>
  <testcase name="SmapleTest1" classname="SampleProject.Sample.BasicSample" time="0.01">
    <system-out><![CDATA[This is for sample test 1
]]></system-out>
    <system-err><![CDATA[SLF4J: Failed to load class "org.slf4j.impl.StaticLoggerBinder".
SLF4J: Defaulting to no-operation (NOP) logger implementation
SLF4J: See http://www.slf4j.org/codes.html#StaticLoggerBinder for further details.
]]></system-err>
  </testcase>
  <testcase name="SmapleTest2" classname="SampleProject.Sample.BasicSample" time="0.01">
    <system-out><![CDATA[This is for sample test 2
]]></system-out>
  </testcase>
  <testcase name="SmapleTest3" classname="SampleProject.Sample.BasicSample" time="0.0">
    <system-out><![CDATA[This is for sample test 3
]]></system-out>
  </testcase>
</testsuite>