<?xml version="1.0" encoding="UTF-8"?>
<!-- Generated by org.testng.reporters.JUnitReportReporter -->
<testsuite skipped="0" hostname="LAPTOP-Q98OKOC0" name="SampleProject.Sample.BasicSample" tests="3" failures="0" timestamp="2023-11-14T21:31:10 IST" time="0.007" errors="0">
  <testcase name="SmapleTest2" time="0.000" classname="SampleProject.Sample.BasicSample"/>
  <system-out/>
  <testcase name="SmapleTest3" time="0.001" classname="SampleProject.Sample.BasicSample"/>
  <system-out/>
  <testcase name="SmapleTest1" time="0.006" classname="SampleProject.Sample.BasicSample"/>
  <system-out/>
</testsuite> <!-- SampleProject.Sample.BasicSample -->
