<?xml version="1.0" encoding="UTF-8"?>
<!-- Generated by org.testng.reporters.JUnitReportReporter -->
<testsuite hostname="LAPTOP-Q98OKOC0" failures="0" tests="3" name="SampleProject.Sample.BasicSample" time="0.010" errors="0" timestamp="2023-11-15T07:13:12 IST" skipped="0">
  <testcase classname="SampleProject.Sample.BasicSample" name="SmapleTest2" time="0.000"/>
  <testcase classname="SampleProject.Sample.BasicSample" name="SmapleTest3" time="0.000"/>
  <testcase classname="SampleProject.Sample.BasicSample" name="SmapleTest1" time="0.010"/>
</testsuite> <!-- SampleProject.Sample.BasicSample -->
